<?xml version="1.0" encoding="UTF-8"?>
<robot generator="Robot 7.4.1 (Python 3.11.9 on win32)" generated="2026-02-02T16:56:13.981438" rpa="false" schemaversion="5">
<suite id="s1" name="Assignment2" source="C:\Users\DELL\PycharmProjects\PythonProject\Day 14\Assignment2.robot">
<test id="s1-t1" name="Validate Form Submission Using Built-in Keywords" line="9">
<kw name="Open Browser" owner="SeleniumLibrary">
<msg time="2026-02-02T16:56:14.186879" level="INFO">Opening browser 'Chrome' to base url 'https://www.seleniumeasy.com/test/input-form-demo.html'.</msg>
<arg>${URL}</arg>
<arg>${BROWSER}</arg>
<doc>Opens a new browser instance to the optional ``url``.</doc>
<status status="PASS" start="2026-02-02T16:56:14.186879" elapsed="1.959152"/>
</kw>
<kw name="Maximize Browser Window" owner="SeleniumLibrary">
<doc>Maximizes current browser window.</doc>
<status status="PASS" start="2026-02-02T16:56:16.146031" elapsed="0.043777"/>
</kw>
<kw name="Input Text" owner="SeleniumLibrary">
<msg time="2026-02-02T16:56:16.191808" level="INFO">Typing text 'Abhay' into text field 'name=first_name'.</msg>
<msg time="2026-02-02T16:56:17.158769" level="INFO" html="true">&lt;/td&gt;&lt;/tr&gt;&lt;tr&gt;&lt;td colspan="3"&gt;&lt;a href="selenium-screenshot-1.png"&gt;&lt;img src="selenium-screenshot-1.png" width="800px"&gt;&lt;/a&gt;</msg>
<msg time="2026-02-02T16:56:17.158769" level="FAIL">Element with locator 'name=first_name' not found.</msg>
<arg>name=first_name</arg>
<arg>Abhay</arg>
<doc>Types the given ``text`` into the text field identified by ``locator``.</doc>
<status status="FAIL" start="2026-02-02T16:56:16.189808" elapsed="0.972984">Element with locator 'name=first_name' not found.</status>
</kw>
<kw name="Input Text" owner="SeleniumLibrary">
<arg>name=last_name</arg>
<arg>Gupta</arg>
<doc>Types the given ``text`` into the text field identified by ``locator``.</doc>
<status status="NOT RUN" start="2026-02-02T16:56:17.163779" elapsed="0.000000"/>
</kw>
<kw name="Input Text" owner="SeleniumLibrary">
<arg>name=email</arg>
<arg>abhay@gmail.com</arg>
<doc>Types the given ``text`` into the text field identified by ``locator``.</doc>
<status status="NOT RUN" start="2026-02-02T16:56:17.163779" elapsed="0.000000"/>
</kw>
<kw name="Input Text" owner="SeleniumLibrary">
<arg>name=phone</arg>
<arg>9876543210</arg>
<doc>Types the given ``text`` into the text field identified by ``locator``.</doc>
<status status="NOT RUN" start="2026-02-02T16:56:17.163779" elapsed="0.000000"/>
</kw>
<kw name="Input Text" owner="SeleniumLibrary">
<arg>name=address</arg>
<arg>Bhopal</arg>
<doc>Types the given ``text`` into the text field identified by ``locator``.</doc>
<status status="NOT RUN" start="2026-02-02T16:56:17.165295" elapsed="0.000000"/>
</kw>
<kw name="Input Text" owner="SeleniumLibrary">
<arg>name=city</arg>
<arg>Bhopal</arg>
<doc>Types the given ``text`` into the text field identified by ``locator``.</doc>
<status status="NOT RUN" start="2026-02-02T16:56:17.165295" elapsed="0.000000"/>
</kw>
<kw name="Select From List By Value" owner="SeleniumLibrary">
<arg>name=state</arg>
<arg>MP</arg>
<doc>Selects options from selection list ``locator`` by ``values``.</doc>
<status status="NOT RUN" start="2026-02-02T16:56:17.166311" elapsed="0.000000"/>
</kw>
<kw name="Click Element" owner="SeleniumLibrary">
<arg>xpath=//input[@value='yes']</arg>
<doc>Click the element identified by ``locator``.</doc>
<status status="NOT RUN" start="2026-02-02T16:56:17.167307" elapsed="0.000000"/>
</kw>
<kw name="Click Element" owner="SeleniumLibrary">
<arg>name=hosting</arg>
<doc>Click the element identified by ``locator``.</doc>
<status status="NOT RUN" start="2026-02-02T16:56:17.167307" elapsed="0.000000"/>
</kw>
<kw name="Get Title" owner="SeleniumLibrary">
<var>${title}</var>
<doc>Returns the title of the current page.</doc>
<status status="NOT RUN" start="2026-02-02T16:56:17.167307" elapsed="0.000000"/>
</kw>
<kw name="Run Keyword If" owner="BuiltIn">
<arg>'${title}' != ''</arg>
<arg>Log</arg>
<arg>Page loaded successfully</arg>
<doc>Runs the given keyword with the given arguments, if ``condition`` is true.</doc>
<status status="NOT RUN" start="2026-02-02T16:56:17.168823" elapsed="0.000000"/>
</kw>
<kw name="Click Button" owner="SeleniumLibrary">
<arg>xpath=//button[@type='submit']</arg>
<doc>Clicks the button identified by ``locator``.</doc>
<status status="NOT RUN" start="2026-02-02T16:56:17.169834" elapsed="0.000000"/>
</kw>
<kw name="Sleep" owner="BuiltIn">
<arg>3s</arg>
<doc>Pauses the test executed for the given time.</doc>
<status status="NOT RUN" start="2026-02-02T16:56:17.169834" elapsed="0.000000"/>
</kw>
<kw name="Get Location" owner="SeleniumLibrary">
<var>${current_url}</var>
<doc>Returns the current browser window URL.</doc>
<status status="NOT RUN" start="2026-02-02T16:56:17.170839" elapsed="0.000000"/>
</kw>
<kw name="Should Be Equal" owner="BuiltIn">
<arg>${current_url}</arg>
<arg>${URL}</arg>
<doc>Fails if the given objects are unequal.</doc>
<status status="NOT RUN" start="2026-02-02T16:56:17.170839" elapsed="0.000000"/>
</kw>
<kw name="Close Browser" owner="SeleniumLibrary">
<doc>Closes the current browser.</doc>
<status status="NOT RUN" start="2026-02-02T16:56:17.171837" elapsed="0.000000"/>
</kw>
<status status="FAIL" start="2026-02-02T16:56:14.185374" elapsed="2.987459">Element with locator 'name=first_name' not found.</status>
</test>
<status status="FAIL" start="2026-02-02T16:56:13.982438" elapsed="3.192323"/>
</suite>
<statistics>
<total>
<stat pass="0" fail="1" skip="0">All Tests</stat>
</total>
<tag>
</tag>
<suite>
<stat name="Assignment2" id="s1" pass="0" fail="1" skip="0">Assignment2</stat>
</suite>
</statistics>
<errors>
</errors>
</robot>
