<?xml version="1.0" encoding="UTF-8"?>
<robot generator="Robot 7.4.1 (Python 3.11.9 on win32)" generated="2026-02-11T14:51:11.437482" rpa="false" schemaversion="5">
<suite id="s1" name="Foodie" source="C:\Users\DELL\PycharmProjects\PythonProject\foodiehub\robot_tests\foodie.robot">
<test id="s1-t1" name="Get Restaurants" line="8">
<kw name="Create Session" owner="RequestsLibrary">
<msg time="2026-02-11T14:51:11.525849" level="INFO">Creating Session using : alias=foodie, url=http://127.0.0.1:5000/api, headers={},                     cookies={}, auth=None, timeout=None, proxies=None, verify=False,                     debug=0 </msg>
<arg>foodie</arg>
<arg>${BASE}</arg>
<doc>Create Session: create a HTTP session to a server</doc>
<status status="PASS" start="2026-02-11T14:51:11.525849" elapsed="0.000000"/>
</kw>
<kw name="GET On Session" owner="RequestsLibrary">
<msg time="2026-02-11T14:51:11.535866" level="INFO">GET Request : url=http://127.0.0.1:5000/api/restaurants 
 path_url=/api/restaurants 
 headers={'User-Agent': 'python-requests/2.32.5', 'Accept-Encoding': 'gzip, deflate', 'Accept': '*/*', 'Connection': 'keep-alive'} 
 body=None 
 </msg>
<msg time="2026-02-11T14:51:11.535866" level="INFO">GET Response : url=http://127.0.0.1:5000/api/restaurants 
 status=200, reason=OK 
 headers={'Server': 'Werkzeug/3.1.5 Python/3.11.9', 'Date': 'Wed, 11 Feb 2026 09:21:11 GMT', 'Content-Type': 'application/json', 'Content-Length': '3', 'Connection': 'close'} 
 body=[]
 
 </msg>
<msg time="2026-02-11T14:51:11.535866" level="INFO">${response} = &lt;Response [200]&gt;</msg>
<var>${response}</var>
<arg>foodie</arg>
<arg>/restaurants</arg>
<doc>Sends a GET request on a previously created HTTP Session.</doc>
<status status="PASS" start="2026-02-11T14:51:11.525849" elapsed="0.010017"/>
</kw>
<kw name="Status Should Be" owner="RequestsLibrary">
<arg>200</arg>
<arg>${response}</arg>
<doc>Fails if response status code is different than the expected.</doc>
<status status="PASS" start="2026-02-11T14:51:11.535866" elapsed="0.001510"/>
</kw>
<status status="PASS" start="2026-02-11T14:51:11.524678" elapsed="0.012698"/>
</test>
<status status="PASS" start="2026-02-11T14:51:11.438477" elapsed="0.099910"/>
</suite>
<statistics>
<total>
<stat pass="1" fail="0" skip="0">All Tests</stat>
</total>
<tag>
</tag>
<suite>
<stat name="Foodie" id="s1" pass="1" fail="0" skip="0">Foodie</stat>
</suite>
</statistics>
<errors>
</errors>
</robot>
